Build started 6/17/2016 17:31:30.
     1>Project "D:\Users\user-pc\Documents\GitHub\SmartGlove\SmartGlove\SmartGlove.vcxproj" on node 2 (Build target(s)).
     1>ClCompile:
         C:\Program Files (x86)\Microsoft Visual Studio 12.0\VC\bin\CL.exe /c /ZI /nologo /W3 /WX- /sdl /Od /Oy- /D _CRT_SECURE_NO_WARNINGS /D _MBCS /Gm /EHsc /RTC1 /MDd /GS /fp:precise /Zc:wchar_t /Zc:forScope /Fo"Debug\\" /Fd"Debug\vc120.pdb" /FR"Debug\\" /Gd /TP /analyze- /errorReport:prompt Order.cpp
         Order.cpp
       Link:
         C:\Program Files (x86)\Microsoft Visual Studio 12.0\VC\bin\link.exe /ERRORREPORT:PROMPT /OUT:"D:\Users\user-pc\Documents\GitHub\SmartGlove\SmartGlove\Debug\SmartGlove.exe" /INCREMENTAL /NOLOGO kernel32.lib user32.lib gdi32.lib winspool.lib comdlg32.lib advapi32.lib shell32.lib ole32.lib oleaut32.lib uuid.lib odbc32.lib odbccp32.lib /MANIFEST /MANIFESTUAC:"level='asInvoker' uiAccess='false'" /manifest:embed /DEBUG /PDB:"D:\Users\user-pc\Documents\GitHub\SmartGlove\SmartGlove\Debug\SmartGlove.pdb" /TLBID:1 /DYNAMICBASE /NXCOMPAT /IMPLIB:"D:\Users\user-pc\Documents\GitHub\SmartGlove\SmartGlove\Debug\SmartGlove.lib" /MACHINE:X86 Debug\cMoveWindow.obj
         Debug\cResizeWindow.obj
         Debug\Gesture.obj
         Debug\Gyro.obj
         Debug\Interpreter.obj
         Debug\Mouse.obj
         Debug\Order.obj
         Debug\InfoPacket.obj
         Debug\main.obj
         Debug\Pressure.obj
         Debug\Properties.obj
         Debug\Traffic.obj
         SmartGlove.vcxproj -> D:\Users\user-pc\Documents\GitHub\SmartGlove\SmartGlove\Debug\SmartGlove.exe
       BscMake:
         C:\Program Files (x86)\Microsoft Visual Studio 12.0\VC\bin\bscmake.exe /nologo /o"D:\Users\user-pc\Documents\GitHub\SmartGlove\SmartGlove\Debug\SmartGlove.bsc" /n Debug\cMoveWindow.sbr Debug\cResizeWindow.sbr Debug\Gesture.sbr Debug\Gyro.sbr Debug\Interpreter.sbr Debug\Mouse.sbr Debug\Order.sbr Debug\InfoPacket.sbr Debug\main.sbr Debug\Pressure.sbr Debug\Properties.sbr Debug\Traffic.sbr
     1>Done Building Project "D:\Users\user-pc\Documents\GitHub\SmartGlove\SmartGlove\SmartGlove.vcxproj" (Build target(s)).

Build succeeded.

Time Elapsed 00:00:06.97
